<?xml version="1.0" encoding="UTF-8"?>
<testng-results ignored="5" total="10" passed="5" failed="0" skipped="0">
  <reporter-output>
  </reporter-output>
  <suite started-at="2023-12-18T03:53:27Z" name="Suite" finished-at="2023-12-18T03:53:49Z" duration-ms="21381">
    <groups>
    </groups>
    <test started-at="2023-12-18T03:53:27Z" name="Test" finished-at="2023-12-18T03:53:49Z" duration-ms="21381">
      <class name="tests.LoginTests">
        <test-method signature="loginTests_TC01()[pri:0, instance:tests.LoginTests@43b9fd5]" started-at="2023-12-17T19:53:32Z" name="loginTests_TC01" finished-at="2023-12-17T19:53:36Z" duration-ms="3701" status="PASS">
          <reporter-output>
          </reporter-output>
        </test-method> <!-- loginTests_TC01 -->
      </class> <!-- tests.LoginTests -->
      <class name="tests.UpdateDataTests">
        <test-method is-config="true" signature="setup()[pri:0, instance:tests.UpdateDataTests@3af0a9da]" started-at="2023-12-17T19:53:27Z" name="setup" finished-at="2023-12-17T19:53:27Z" duration-ms="20" status="PASS">
          <reporter-output>
          </reporter-output>
        </test-method> <!-- setup -->
        <test-method signature="addDataTests_TC01()[pri:0, instance:tests.UpdateDataTests@3af0a9da]" started-at="2023-12-17T19:53:27Z" name="addDataTests_TC01" finished-at="2023-12-17T19:53:32Z" duration-ms="4971" status="PASS">
          <reporter-output>
          </reporter-output>
        </test-method> <!-- addDataTests_TC01 -->
      </class> <!-- tests.UpdateDataTests -->
      <class name="tests.GetDataTest">
        <test-method signature="getDataTest_TC01()[pri:0, instance:tests.GetDataTest@79dc5318]" started-at="2023-12-17T19:53:36Z" name="getDataTest_TC01" finished-at="2023-12-17T19:53:44Z" duration-ms="7709" status="PASS">
          <reporter-output>
          </reporter-output>
        </test-method> <!-- getDataTest_TC01 -->
      </class> <!-- tests.GetDataTest -->
      <class name="tests.AddDataTest">
        <test-method signature="addDataTests_TC02()[pri:0, instance:tests.AddDataTest@8e50104]" started-at="2023-12-17T19:53:44Z" name="addDataTests_TC02" finished-at="2023-12-17T19:53:46Z" duration-ms="2270" status="PASS">
          <reporter-output>
          </reporter-output>
        </test-method> <!-- addDataTests_TC02 -->
      </class> <!-- tests.AddDataTest -->
      <class name="tests.DeleteDataTests">
        <test-method signature="addDataTests_TC01()[pri:0, instance:tests.DeleteDataTests@37e4d7bb]" started-at="2023-12-17T19:53:46Z" name="addDataTests_TC01" finished-at="2023-12-17T19:53:49Z" duration-ms="2685" status="PASS">
          <reporter-output>
          </reporter-output>
        </test-method> <!-- addDataTests_TC01 -->
      </class> <!-- tests.DeleteDataTests -->
    </test> <!-- Test -->
  </suite> <!-- Suite -->
</testng-results>
